09:47:30.442 [main] INFO  testCases.TC_011_LoginDB - **Calling the home page object**
09:47:31.031 [main] INFO  testCases.TC_011_LoginDB - **Calling the login in page object**
10:54:07.914 [main] INFO  org.testng.internal.Utils - [Utils] MethodGroupsHelper.collectMethodsByGroup() took 0 ms.
10:54:07.917 [main] INFO  org.testng.internal.Utils - [Utils] MethodGroupsHelper.sortMethods() took 1 ms.
10:54:07.918 [main] INFO  org.testng.internal.Utils - [Utils] MethodGroupsHelper.collectMethodsByGroup() took 0 ms.
10:54:07.918 [main] INFO  org.testng.internal.Utils - [Utils] MethodGroupsHelper.sortMethods() took 0 ms.
10:54:07.919 [main] INFO  org.testng.internal.Utils - [Utils] MethodGroupsHelper.collectMethodsByGroup() took 0 ms.
10:54:07.919 [main] INFO  org.testng.internal.Utils - [Utils] MethodGroupsHelper.sortMethods() took 0 ms.
10:54:07.919 [main] INFO  org.testng.internal.Utils - [Utils] MethodGroupsHelper.collectMethodsByGroup() took 0 ms.
10:54:07.919 [main] INFO  org.testng.internal.Utils - [Utils] MethodGroupsHelper.sortMethods() took 0 ms.
10:54:07.923 [main] INFO  org.testng.internal.Utils - [Utils] MethodGroupsHelper.collectMethodsByGroup() took 3 ms.
10:54:07.930 [main] INFO  org.testng.internal.Utils - [Utils] MethodGroupsHelper.sortMethods() took 6 ms.
10:54:07.930 [main] INFO  org.testng.internal.Utils - [Utils] MethodGroupsHelper.collectMethodsByGroup() took 0 ms.
10:54:07.931 [main] INFO  org.testng.internal.Utils - [Utils] MethodGroupsHelper.sortMethods() took 0 ms.
10:54:07.931 [main] INFO  org.testng.internal.Utils - [Utils] MethodGroupsHelper.collectMethodsByGroup() took 0 ms.
10:54:07.931 [main] INFO  org.testng.internal.Utils - [Utils] MethodGroupsHelper.sortMethods() took 0 ms.
10:54:07.931 [main] INFO  org.testng.internal.Utils - [Utils] MethodGroupsHelper.collectMethodsByGroup() took 0 ms.
10:54:07.931 [main] INFO  org.testng.internal.Utils - [Utils] MethodGroupsHelper.sortMethods() took 0 ms.
10:54:07.932 [main] INFO  org.testng.internal.Utils - [Utils] MethodGroupsHelper.collectMethodsByGroup() took 0 ms.
10:54:07.932 [main] INFO  org.testng.internal.Utils - [Utils] MethodGroupsHelper.sortMethods() took 0 ms.
10:54:07.932 [main] INFO  org.testng.internal.Utils - [Utils] MethodGroupsHelper.collectMethodsByGroup() took 0 ms.
10:54:07.933 [main] INFO  org.testng.internal.Utils - [Utils] MethodGroupsHelper.sortMethods() took 0 ms.
10:54:07.934 [main] INFO  org.testng.internal.Utils - [Utils] MethodGroupsHelper.collectMethodsByGroup() took 0 ms.
10:54:07.934 [main] INFO  org.testng.internal.Utils - [Utils] MethodGroupsHelper.sortMethods() took 0 ms.
10:54:07.934 [main] INFO  org.testng.internal.Utils - [Utils] MethodGroupsHelper.collectMethodsByGroup() took 0 ms.
10:54:07.934 [main] INFO  org.testng.internal.Utils - [Utils] MethodGroupsHelper.sortMethods() took 0 ms.
10:54:07.936 [main] INFO  org.testng.internal.Utils - [Utils] MethodGroupsHelper.collectMethodsByGroup() took 1 ms.
10:54:07.936 [main] INFO  org.testng.internal.Utils - [Utils] MethodGroupsHelper.sortMethods() took 0 ms.
10:54:07.937 [main] INFO  org.testng.internal.Utils - [Utils] MethodGroupsHelper.collectMethodsByGroup() took 0 ms.
10:54:07.937 [main] INFO  org.testng.internal.Utils - [Utils] MethodGroupsHelper.sortMethods() took 0 ms.
10:54:07.937 [main] INFO  org.testng.internal.Utils - [Utils] MethodGroupsHelper.collectMethodsByGroup() took 0 ms.
10:54:07.938 [main] INFO  org.testng.internal.Utils - [Utils] MethodGroupsHelper.sortMethods() took 0 ms.
10:54:07.942 [main] INFO  org.testng.internal.Utils - [TestNG] Running:
  C:\Users\CHIDANAND N H\AppData\Local\Temp\testng-eclipse--403560361\testng-customsuite.xml

10:54:07.953 [main] INFO  org.testng.internal.Utils - [Utils] DynamicGraphHelper.createDynamicGraph() took 1 ms.
10:54:08.061 [main] INFO  org.testng.internal.Utils - [TestNG] Time taken by org.testng.reporters.jq.Main@3dddefd8: 37 ms
10:54:08.071 [main] INFO  org.testng.internal.Utils - [TestNG] Time taken by org.testng.reporters.FailedReporter@4bff1903: 10 ms
10:54:08.078 [main] INFO  org.testng.internal.Utils - [TestNG] Time taken by org.testng.reporters.XMLReporter@24d4d7c9: 6 ms
10:54:08.084 [main] INFO  org.testng.internal.Utils - [TestNG] Time taken by org.testng.reporters.EmailableReporter2@2b43529a: 6 ms
10:54:08.088 [main] INFO  org.testng.internal.Utils - [TestNG] Time taken by org.testng.reporters.JUnitReportReporter@2783717b: 4 ms
10:54:08.089 [main] INFO  org.testng.internal.Utils - [TestNG] Time taken by org.testng.internal.ExitCodeListener@76f7d241: 0 ms
10:54:32.787 [main] INFO  testCases.TC_011_LoginDB - **Calling the home page object**
10:54:33.261 [main] INFO  testCases.TC_011_LoginDB - **Calling the login in page object**
10:54:34.576 [main] INFO  testCases.TC_011_LoginDB - **Calling the database method from base class**
10:55:59.625 [main] INFO  testCases.TC_011_LoginDB - **Calling the home page object**
10:55:59.988 [main] INFO  testCases.TC_011_LoginDB - **Calling the login in page object**
10:56:00.189 [main] INFO  testCases.TC_011_LoginDB - **Calling the database method from base class**
10:56:24.529 [main] INFO  testCases.TC_011_LoginDB - **Calling the home page object**
10:56:24.978 [main] INFO  testCases.TC_011_LoginDB - **Calling the login in page object**
10:56:25.160 [main] INFO  testCases.TC_011_LoginDB - **Calling the database method from base class**
10:58:28.814 [main] INFO  testCases.TC_011_LoginDB - **Calling the home page object**
10:58:29.152 [main] INFO  testCases.TC_011_LoginDB - **Calling the login in page object**
10:58:29.348 [main] INFO  testCases.TC_011_LoginDB - **Calling the database method from base class**
10:59:03.776 [main] INFO  testCases.TC_011_LoginDB - **Calling the home page object**
10:59:04.111 [main] INFO  testCases.TC_011_LoginDB - **Calling the login in page object**
10:59:04.298 [main] INFO  testCases.TC_011_LoginDB - **Calling the database method from base class**
11:18:58.018 [main] INFO  org.testng.internal.Utils - [Utils] MethodGroupsHelper.collectMethodsByGroup() took 0 ms.
11:18:58.021 [main] INFO  org.testng.internal.Utils - [Utils] MethodGroupsHelper.sortMethods() took 0 ms.
11:18:58.021 [main] INFO  org.testng.internal.Utils - [Utils] MethodGroupsHelper.collectMethodsByGroup() took 0 ms.
11:18:58.021 [main] INFO  org.testng.internal.Utils - [Utils] MethodGroupsHelper.sortMethods() took 0 ms.
11:18:58.023 [main] INFO  org.testng.internal.Utils - [Utils] MethodGroupsHelper.collectMethodsByGroup() took 0 ms.
11:18:58.023 [main] INFO  org.testng.internal.Utils - [Utils] MethodGroupsHelper.sortMethods() took 0 ms.
11:18:58.023 [main] INFO  org.testng.internal.Utils - [Utils] MethodGroupsHelper.collectMethodsByGroup() took 0 ms.
11:18:58.023 [main] INFO  org.testng.internal.Utils - [Utils] MethodGroupsHelper.sortMethods() took 0 ms.
11:18:58.026 [main] INFO  org.testng.internal.Utils - [Utils] MethodGroupsHelper.collectMethodsByGroup() took 2 ms.
11:18:58.033 [main] INFO  org.testng.internal.Utils - [Utils] MethodGroupsHelper.sortMethods() took 6 ms.
11:18:58.034 [main] INFO  org.testng.internal.Utils - [Utils] MethodGroupsHelper.collectMethodsByGroup() took 0 ms.
11:18:58.034 [main] INFO  org.testng.internal.Utils - [Utils] MethodGroupsHelper.sortMethods() took 0 ms.
11:18:58.034 [main] INFO  org.testng.internal.Utils - [Utils] MethodGroupsHelper.collectMethodsByGroup() took 0 ms.
11:18:58.034 [main] INFO  org.testng.internal.Utils - [Utils] MethodGroupsHelper.sortMethods() took 0 ms.
11:18:58.034 [main] INFO  org.testng.internal.Utils - [Utils] MethodGroupsHelper.collectMethodsByGroup() took 0 ms.
11:18:58.034 [main] INFO  org.testng.internal.Utils - [Utils] MethodGroupsHelper.sortMethods() took 0 ms.
11:18:58.036 [main] INFO  org.testng.internal.Utils - [Utils] MethodGroupsHelper.collectMethodsByGroup() took 0 ms.
11:18:58.036 [main] INFO  org.testng.internal.Utils - [Utils] MethodGroupsHelper.sortMethods() took 0 ms.
11:18:58.036 [main] INFO  org.testng.internal.Utils - [Utils] MethodGroupsHelper.collectMethodsByGroup() took 0 ms.
11:18:58.036 [main] INFO  org.testng.internal.Utils - [Utils] MethodGroupsHelper.sortMethods() took 0 ms.
11:18:58.038 [main] INFO  org.testng.internal.Utils - [Utils] MethodGroupsHelper.collectMethodsByGroup() took 0 ms.
11:18:58.038 [main] INFO  org.testng.internal.Utils - [Utils] MethodGroupsHelper.sortMethods() took 0 ms.
11:18:58.038 [main] INFO  org.testng.internal.Utils - [Utils] MethodGroupsHelper.collectMethodsByGroup() took 0 ms.
11:18:58.038 [main] INFO  org.testng.internal.Utils - [Utils] MethodGroupsHelper.sortMethods() took 0 ms.
11:18:58.039 [main] INFO  org.testng.internal.Utils - [Utils] MethodGroupsHelper.collectMethodsByGroup() took 0 ms.
11:18:58.039 [main] INFO  org.testng.internal.Utils - [Utils] MethodGroupsHelper.sortMethods() took 0 ms.
11:18:58.040 [main] INFO  org.testng.internal.Utils - [Utils] MethodGroupsHelper.collectMethodsByGroup() took 0 ms.
11:18:58.040 [main] INFO  org.testng.internal.Utils - [Utils] MethodGroupsHelper.sortMethods() took 0 ms.
11:18:58.040 [main] INFO  org.testng.internal.Utils - [Utils] MethodGroupsHelper.collectMethodsByGroup() took 0 ms.
11:18:58.040 [main] INFO  org.testng.internal.Utils - [Utils] MethodGroupsHelper.sortMethods() took 0 ms.
11:18:58.045 [main] INFO  org.testng.internal.Utils - [TestNG] Running:
  C:\Users\CHIDANAND N H\AppData\Local\Temp\testng-eclipse-337163349\testng-customsuite.xml

11:18:58.056 [main] INFO  org.testng.internal.Utils - [Utils] DynamicGraphHelper.createDynamicGraph() took 1 ms.
11:18:58.164 [main] INFO  org.testng.internal.Utils - [TestNG] Time taken by org.testng.reporters.jq.Main@3dddefd8: 38 ms
11:18:58.174 [main] INFO  org.testng.internal.Utils - [TestNG] Time taken by org.testng.reporters.FailedReporter@4bff1903: 9 ms
11:18:58.181 [main] INFO  org.testng.internal.Utils - [TestNG] Time taken by org.testng.reporters.XMLReporter@24d4d7c9: 7 ms
11:18:58.187 [main] INFO  org.testng.internal.Utils - [TestNG] Time taken by org.testng.reporters.EmailableReporter2@2b43529a: 6 ms
11:18:58.191 [main] INFO  org.testng.internal.Utils - [TestNG] Time taken by org.testng.reporters.JUnitReportReporter@2783717b: 4 ms
11:18:58.192 [main] INFO  org.testng.internal.Utils - [TestNG] Time taken by org.testng.internal.ExitCodeListener@76f7d241: 0 ms
11:24:04.929 [main] INFO  testCases.TC_011_LoginDB - **Calling the home page object**
11:24:05.380 [main] INFO  testCases.TC_011_LoginDB - **Calling the database method from base class**
11:24:05.765 [main] INFO  testCases.TC_011_LoginDB - **Calling the login in page object**
11:26:06.170 [main] INFO  testCases.TC_011_LoginDB - **Calling the home page object**
11:26:06.518 [main] INFO  testCases.TC_011_LoginDB - **Calling the database method from base class**
11:26:06.884 [main] INFO  testCases.TC_011_LoginDB - **Calling the login in page object**
11:27:13.959 [main] INFO  testCases.TC_011_LoginDB - **Calling the home page object**
11:27:14.357 [main] INFO  testCases.TC_011_LoginDB - **Calling the database method from base class**
11:27:14.749 [main] INFO  testCases.TC_011_LoginDB - **Calling the login in page object**
11:28:20.357 [main] INFO  testCases.TC_011_LoginDB - **Calling the home page object**
11:28:20.719 [main] INFO  testCases.TC_011_LoginDB - **Calling the database method from base class**
11:28:21.109 [main] INFO  testCases.TC_011_LoginDB - **Calling the login in page object**
11:28:47.375 [main] INFO  testCases.TC_011_LoginDB - **Calling the home page object**
11:28:47.711 [main] INFO  testCases.TC_011_LoginDB - **Calling the database method from base class**
11:28:48.098 [main] INFO  testCases.TC_011_LoginDB - **Calling the login in page object**
11:29:31.870 [main] INFO  testCases.TC_011_LoginDB - **Calling the home page object**
11:29:32.237 [main] INFO  testCases.TC_011_LoginDB - **Calling the database method from base class**
11:29:32.595 [main] INFO  testCases.TC_011_LoginDB - **Calling the login in page object**
